<?xml version="1.0" encoding="UTF-8"?>
<testsuite xmlns:xsi="http://www.w3.org/2001/XMLSchema-instance" xsi:noNamespaceSchemaLocation="https://maven.apache.org/surefire/maven-surefire-plugin/xsd/surefire-test-report.xsd" name="pl.polsl.michaltetych.test.TestClass" time="0.069" tests="2" errors="0" skipped="0" failures="0">
  <properties>
    <property name="java.specification.version" value="17"/>
    <property name="sun.cpu.isalist" value="amd64"/>
    <property name="sun.jnu.encoding" value="Cp1250"/>
    <property name="java.class.path" value="C:\Users\micha\Desktop\mavenproject1\target\test-classes;C:\Users\micha\Desktop\mavenproject1\target\classes;C:\Users\micha\.m2\repository\org\junit\jupiter\junit-jupiter-api\5.6.0\junit-jupiter-api-5.6.0.jar;C:\Users\micha\.m2\repository\org\apiguardian\apiguardian-api\1.1.0\apiguardian-api-1.1.0.jar;C:\Users\micha\.m2\repository\org\opentest4j\opentest4j\1.2.0\opentest4j-1.2.0.jar;C:\Users\micha\.m2\repository\org\junit\platform\junit-platform-commons\1.6.0\junit-platform-commons-1.6.0.jar;C:\Users\micha\.m2\repository\org\junit\jupiter\junit-jupiter-params\5.6.0\junit-jupiter-params-5.6.0.jar;C:\Users\micha\.m2\repository\org\junit\jupiter\junit-jupiter-engine\5.6.0\junit-jupiter-engine-5.6.0.jar;C:\Users\micha\.m2\repository\org\junit\platform\junit-platform-engine\1.6.0\junit-platform-engine-1.6.0.jar;"/>
    <property name="java.vm.vendor" value="Oracle Corporation"/>
    <property name="sun.arch.data.model" value="64"/>
    <property name="user.variant" value=""/>
    <property name="java.vendor.url" value="https://java.oracle.com/"/>
    <property name="user.timezone" value="Europe/Warsaw"/>
    <property name="os.name" value="Windows 10"/>
    <property name="java.vm.specification.version" value="17"/>
    <property name="user.country" value="PL"/>
    <property name="sun.java.launcher" value="SUN_STANDARD"/>
    <property name="sun.boot.library.path" value="C:\Program Files\Java\jdk-17.0.5\bin"/>
    <property name="sun.java.command" value="C:\Users\micha\AppData\Local\Temp\surefire252100122589243782\surefirebooter13881727297414900892.jar C:\Users\micha\AppData\Local\Temp\surefire252100122589243782 2022-11-09T23-00-04_240-jvmRun1 surefire6473888168733511654tmp surefire_04975837750990544197tmp"/>
    <property name="jdk.debug" value="release"/>
    <property name="test" value="pl.polsl.michaltetych.test.TestClass#test"/>
    <property name="surefire.test.class.path" value="C:\Users\micha\Desktop\mavenproject1\target\test-classes;C:\Users\micha\Desktop\mavenproject1\target\classes;C:\Users\micha\.m2\repository\org\junit\jupiter\junit-jupiter-api\5.6.0\junit-jupiter-api-5.6.0.jar;C:\Users\micha\.m2\repository\org\apiguardian\apiguardian-api\1.1.0\apiguardian-api-1.1.0.jar;C:\Users\micha\.m2\repository\org\opentest4j\opentest4j\1.2.0\opentest4j-1.2.0.jar;C:\Users\micha\.m2\repository\org\junit\platform\junit-platform-commons\1.6.0\junit-platform-commons-1.6.0.jar;C:\Users\micha\.m2\repository\org\junit\jupiter\junit-jupiter-params\5.6.0\junit-jupiter-params-5.6.0.jar;C:\Users\micha\.m2\repository\org\junit\jupiter\junit-jupiter-engine\5.6.0\junit-jupiter-engine-5.6.0.jar;C:\Users\micha\.m2\repository\org\junit\platform\junit-platform-engine\1.6.0\junit-platform-engine-1.6.0.jar;"/>
    <property name="sun.cpu.endian" value="little"/>
    <property name="user.home" value="C:\Users\micha"/>
    <property name="user.language" value="pl"/>
    <property name="java.specification.vendor" value="Oracle Corporation"/>
    <property name="java.version.date" value="2022-10-18"/>
    <property name="java.home" value="C:\Program Files\Java\jdk-17.0.5"/>
    <property name="file.separator" value="\"/>
    <property name="basedir" value="C:\Users\micha\Desktop\mavenproject1"/>
    <property name="java.vm.compressedOopsMode" value="Zero based"/>
    <property name="line.separator" value="&#10;"/>
    <property name="java.vm.specification.vendor" value="Oracle Corporation"/>
    <property name="java.specification.name" value="Java Platform API Specification"/>
    <property name="surefire.real.class.path" value="C:\Users\micha\AppData\Local\Temp\surefire252100122589243782\surefirebooter13881727297414900892.jar"/>
    <property name="user.script" value=""/>
    <property name="sun.management.compiler" value="HotSpot 64-Bit Tiered Compilers"/>
    <property name="java.runtime.version" value="17.0.5+9-LTS-191"/>
    <property name="user.name" value="micha"/>
    <property name="path.separator" value=";"/>
    <property name="os.version" value="10.0"/>
    <property name="java.runtime.name" value="Java(TM) SE Runtime Environment"/>
    <property name="file.encoding" value="UTF-8"/>
    <property name="java.vm.name" value="Java HotSpot(TM) 64-Bit Server VM"/>
    <property name="maven.ext.class.path" value="C:\Program Files\NetBeans-15\netbeans\java\maven-nblib\netbeans-eventspy.jar"/>
    <property name="localRepository" value="C:\Users\micha\.m2\repository"/>
    <property name="java.vendor.url.bug" value="https://bugreport.java.com/bugreport/"/>
    <property name="java.io.tmpdir" value="C:\Users\micha\AppData\Local\Temp\"/>
    <property name="java.version" value="17.0.5"/>
    <property name="user.dir" value="C:\Users\micha\Desktop\mavenproject1"/>
    <property name="os.arch" value="amd64"/>
    <property name="java.vm.specification.name" value="Java Virtual Machine Specification"/>
    <property name="sun.os.patch.level" value=""/>
    <property name="native.encoding" value="Cp1250"/>
    <property name="java.library.path" value="C:\Program Files\Java\jdk-17.0.5\bin;C:\Windows\Sun\Java\bin;C:\Windows\system32;C:\Windows;C:\Program Files\Common Files\Oracle\Java\javapath;C:\Program Files (x86)\Common Files\Oracle\Java\javapath;C:\Windows\system32;C:\Windows;C:\Windows\System32\Wbem;C:\Windows\System32\WindowsPowerShell\v1.0\;C:\Windows\System32\OpenSSH\;C:\Users\micha\Downloads\MinGW\bin;C;C:\Program Files (x86)\ffn;C:\Program Files\Git\cmd;C:\Program Files (x86)\NVIDIA Corporation\PhysX\Common;C:\Program Files\dotnet\;C:\Program Files\Java\jdk-17.0.5\bin;C:\Users\micha\AppData\Local\Microsoft\WindowsApps;C:\Program Files\JetBrains\CLion 2020.2.3\Nowy folder\CLion 2020.2.3\bin;;C:\Users\micha\AppData\Local\Programs\Microsoft VS Code\bin;C:\Users\micha\AppData\Local\Programs\MiKTeX\miktex\bin\x64\;C:\Users\micha\.dotnet\tools;."/>
    <property name="java.vm.info" value="mixed mode, sharing"/>
    <property name="java.vendor" value="Oracle Corporation"/>
    <property name="java.vm.version" value="17.0.5+9-LTS-191"/>
    <property name="sun.io.unicode.encoding" value="UnicodeLittle"/>
    <property name="java.class.version" value="61.0"/>
  </properties>
  <testcase name="test{String, String, String}[1]" classname="pl.polsl.michaltetych.test.TestClass" time="0.027"/>
  <testcase name="test{String, String, String}[2]" classname="pl.polsl.michaltetych.test.TestClass" time="0.003"/>
</testsuite>